2023-11-25 05:50:23.658 [main] INFO  org.example.Main - Digite o nickname:
2023-11-25 05:50:36.307 [main] INFO  org.example.Main - Escolha do Herói:
2023-11-25 05:50:42.565 [main] INFO  org.example.Main - Kobold ATACOU
2023-11-25 05:50:42.574 [main] INFO  org.example.Main - Kobold ATACOU
2023-11-25 05:50:42.575 [main] INFO  org.example.Main - Atacante não teve sucesso!
2023-11-25 05:50:42.576 [main] INFO  org.example.Main - Kobold ATACOU
2023-11-25 05:50:42.577 [main] INFO  org.example.Main - Kobold ATACOU
2023-11-25 05:50:42.578 [main] INFO  org.example.Main - Kobold ATACOU
2023-11-25 05:50:42.579 [main] INFO  org.example.Main - Kobold ATACOU
2023-11-25 05:50:42.580 [main] INFO  org.example.Main - Atacante não teve sucesso!
2023-11-25 05:50:42.581 [main] INFO  org.example.Main - Kobold ATACOU
2023-11-25 05:50:42.581 [main] INFO  org.example.Main - Kobold ATACOU
2023-11-25 05:50:42.581 [main] INFO  org.example.Main - Atacante não teve sucesso!
2023-11-25 05:50:42.582 [main] INFO  org.example.Main - Kobold ATACOU
2023-11-25 05:50:42.582 [main] INFO  org.example.Main - Atacante não teve sucesso!
2023-11-25 05:50:42.583 [main] INFO  org.example.Main - Atacante não teve sucesso!
2023-11-25 05:50:42.584 [main] INFO  org.example.Main - Atacante não teve sucesso!
2023-11-25 05:50:42.585 [main] INFO  org.example.Main - Kobold ATACOU
2023-11-25 05:50:42.585 [main] INFO  org.example.Main - Kobold ATACOU
2023-11-25 05:50:42.585 [main] INFO  org.example.Main - Kobold ATACOU
2023-11-25 05:50:42.586 [main] INFO  org.example.Main - Atacante não teve sucesso!
2023-11-25 05:50:42.587 [main] INFO  org.example.Main - Kobold ATACOU
2023-11-25 05:50:42.587 [main] INFO  org.example.Main - Kobold ATACOU
2023-11-25 05:50:42.588 [main] INFO  org.example.Main - Kobold ATACOU
2023-11-25 05:50:42.588 [main] INFO  org.example.Main - Atacante não teve sucesso!
2023-11-25 05:50:42.588 [main] INFO  org.example.Main - Kobold ATACOU
2023-11-25 05:50:42.589 [main] INFO  org.example.Main - Kobold ATACOU
2023-11-25 05:50:42.589 [main] INFO  org.example.Main - Kobold ATACOU
2023-11-25 05:50:42.590 [main] INFO  org.example.Main - Atacante não teve sucesso!
2023-11-25 05:50:42.590 [main] INFO  org.example.Main - Kobold ATACOU
2023-11-25 05:50:42.591 [main] INFO  org.example.Main - Atacante não teve sucesso!
2023-11-25 05:50:42.591 [main] INFO  org.example.Main - Atacante não teve sucesso!
2023-11-25 05:50:42.591 [main] INFO  org.example.Main - Kobold ATACOU
2023-11-25 05:50:42.592 [main] INFO  org.example.Main - Kobold ATACOU
2023-11-25 05:50:42.592 [main] INFO  org.example.Main - Kobold ATACOU
2023-11-25 05:50:42.593 [main] INFO  org.example.Main - Atacante não teve sucesso!
2023-11-25 05:50:42.593 [main] INFO  org.example.Main - Atacante não teve sucesso!
2023-11-25 05:50:42.593 [main] INFO  org.example.Main - Atacante não teve sucesso!
2023-11-25 05:50:42.594 [main] INFO  org.example.Main - Atacante não teve sucesso!
2023-11-25 05:50:42.594 [main] INFO  org.example.Main - Atacante não teve sucesso!
2023-11-25 05:50:42.594 [main] INFO  org.example.Main - Kobold ATACOU
2023-11-25 05:50:42.595 [main] INFO  org.example.Main - Paladino ATACOU
2023-11-25 05:50:42.595 [main] INFO  org.example.Main - Atacante não teve sucesso!
2023-11-25 05:50:42.595 [main] INFO  org.example.Main - Kobold ATACOU
2023-11-25 05:50:42.596 [main] INFO  org.example.Main - Kobold ATACOU
2023-11-25 05:50:42.596 [main] INFO  org.example.Main - Atacante não teve sucesso!
2023-11-25 05:50:42.597 [main] INFO  org.example.Main - Kobold ATACOU
2023-11-25 05:50:42.597 [main] INFO  org.example.Main - Kobold ATACOU
2023-11-25 05:50:42.598 [main] INFO  org.example.Main - Kobold ATACOU
2023-11-25 05:50:42.599 [main] INFO  org.example.Main - Atacante não teve sucesso!
2023-11-25 05:50:42.600 [main] INFO  org.example.Main - Paladino ATACOU
2023-11-25 05:50:42.601 [main] INFO  org.example.Main - Kobold ATACOU
2023-11-25 05:50:42.602 [main] INFO  org.example.Main - Kobold ATACOU
2023-11-25 05:50:42.602 [main] INFO  org.example.Main - Atacante não teve sucesso!
2023-11-25 05:50:42.603 [main] INFO  org.example.Main - Kobold ATACOU
2023-11-25 05:50:42.604 [main] INFO  org.example.Main - Atacante não teve sucesso!
2023-11-25 05:50:42.605 [main] INFO  org.example.Main - Kobold ATACOU
2023-11-25 05:50:42.606 [main] INFO  org.example.Main - Kobold ATACOU
2023-11-25 05:50:42.606 [main] INFO  org.example.Main - Paladino ATACOU
2023-11-25 05:50:42.607 [main] INFO  org.example.Main - Kobold ATACOU
2023-11-25 05:50:42.608 [main] INFO  org.example.Main - Atacante não teve sucesso!
2023-11-25 05:50:42.608 [main] INFO  org.example.Main - Atacante não teve sucesso!
2023-11-25 05:50:42.609 [main] INFO  org.example.Main - Kobold ATACOU
2023-11-25 05:50:42.610 [main] INFO  org.example.Main - Kobold ATACOU
2023-11-25 05:50:42.611 [main] INFO  org.example.Main - Kobold ATACOU
2023-11-25 05:50:42.612 [main] INFO  org.example.Main - Kobold ATACOU
2023-11-25 05:50:42.612 [main] INFO  org.example.Main - Kobold ATACOU
2023-11-25 05:50:42.613 [main] INFO  org.example.Main - Kobold ATACOU
2023-11-25 05:50:42.613 [main] INFO  org.example.Main - Paladino ATACOU
2023-11-25 05:50:42.614 [main] INFO  org.example.Main - Paladino Amaury Venceu em: 67 rodadas
2023-11-25 05:54:48.040 [main] INFO  org.example.util.GraphicsUtil - =============================
2023-11-25 05:54:48.051 [main] INFO  org.example.util.GraphicsUtil - Bem vindo ao Medieval Battle
2023-11-25 05:54:48.052 [main] INFO  org.example.util.GraphicsUtil - =============================
2023-11-25 05:54:48.054 [main] INFO  org.example.util.GraphicsUtil - Digite Seu nickname:
2023-11-25 05:54:48.100 [main] INFO  org.example.Main - Digite o nickname:
2023-11-25 05:55:01.743 [main] INFO  org.example.util.GraphicsUtil - =============================
2023-11-25 05:55:01.744 [main] INFO  org.example.util.GraphicsUtil - Digite a Classe do seu herói:
2023-11-25 05:55:01.745 [main] INFO  org.example.util.GraphicsUtil - 1 - Guerreiro
2023-11-25 05:55:01.747 [main] INFO  org.example.util.GraphicsUtil - 2 - Bárbaro
2023-11-25 05:55:01.748 [main] INFO  org.example.util.GraphicsUtil - 3 - Paladino
2023-11-25 05:55:01.748 [main] INFO  org.example.util.GraphicsUtil - =============================
2023-11-25 05:55:01.749 [main] INFO  org.example.Main - Escolha do Herói:
2023-11-25 05:55:05.685 [main] WARN  org.example.util.PersonagemUtil - Escolha inválida. Guerreiro escolhido por padrão.
2023-11-25 05:55:05.699 [main] INFO  org.example.Main - Guerreiro ATACOU
2023-11-25 05:55:05.708 [main] INFO  org.example.Main - Atacante não teve sucesso!
2023-11-25 05:55:05.709 [main] INFO  org.example.Main - Atacante não teve sucesso!
2023-11-25 05:55:05.710 [main] INFO  org.example.Main - Atacante não teve sucesso!
2023-11-25 05:55:05.711 [main] INFO  org.example.Main - Kobold ATACOU
2023-11-25 05:55:05.712 [main] INFO  org.example.Main - Kobold ATACOU
2023-11-25 05:55:05.713 [main] INFO  org.example.Main - Kobold ATACOU
2023-11-25 05:55:05.713 [main] INFO  org.example.Main - Guerreiro ATACOU
2023-11-25 05:55:05.714 [main] INFO  org.example.Main - Guerreiro ATACOU
2023-11-25 05:55:05.714 [main] INFO  org.example.Main - Guerreiro Amaury Venceu em: 9 rodadas
